0 info it worked if it ends with ok
1 verbose cli [ 'node', '/usr/local/bin/npm', 'install', '-g', 'bower' ]
2 info using npm@2.5.1
3 info using node@v0.12.0
4 silly cache add args [ 'bower', null ]
5 verbose cache add spec bower
6 silly cache add parsed spec { raw: 'bower',
6 silly cache add   scope: null,
6 silly cache add   name: 'bower',
6 silly cache add   rawSpec: '',
6 silly cache add   spec: '*',
6 silly cache add   type: 'range' }
7 verbose addNamed bower@*
8 silly addNamed semver.valid null
9 silly addNamed semver.validRange *
10 silly addNameRange { name: 'bower', range: '*', hasData: false }
11 silly mapToRegistry name bower
12 silly mapToRegistry using default registry
13 silly mapToRegistry registry https://registry.npmjs.org/
14 silly mapToRegistry uri https://registry.npmjs.org/bower
15 verbose addNameRange registry:https://registry.npmjs.org/bower not in flight; fetching
16 verbose request uri https://registry.npmjs.org/bower
17 verbose request no auth needed
18 info attempt registry request try #1 at 11:52:17 AM
19 verbose request id 82a4268fa182f552
20 http request GET https://registry.npmjs.org/bower
21 http 200 https://registry.npmjs.org/bower
22 silly get cb [ 200,
22 silly get   { date: 'Sun, 01 Mar 2015 17:52:16 GMT',
22 silly get     server: 'CouchDB/1.5.0 (Erlang OTP/R16B03)',
22 silly get     etag: '"BP1YZKBGAIE38MKI0RCNK8G2H"',
22 silly get     'content-type': 'application/json',
22 silly get     'cache-control': 'max-age=60',
22 silly get     'content-length': '106484',
22 silly get     'accept-ranges': 'bytes',
22 silly get     via: '1.1 varnish',
22 silly get     age: '0',
22 silly get     'x-served-by': 'cache-dfw1834-DFW',
22 silly get     'x-cache': 'HIT',
22 silly get     'x-cache-hits': '1',
22 silly get     'x-timer': 'S1425232335.833470,VS0,VE185',
22 silly get     vary: 'Accept',
22 silly get     'keep-alive': 'timeout=10, max=50',
22 silly get     connection: 'Keep-Alive' } ]
23 verbose get saving bower to /Users/mansipuri/.npm/registry.npmjs.org/bower/.cache.json
24 verbose getCacheStat cache creation not in flight; initializing
25 silly addNameRange number 2 { name: 'bower', range: '*', hasData: true }
26 silly addNameRange versions [ 'bower',
26 silly addNameRange   [ '0.1.0',
26 silly addNameRange     '0.1.2',
26 silly addNameRange     '0.1.3',
26 silly addNameRange     '0.2.0',
26 silly addNameRange     '0.3.0',
26 silly addNameRange     '0.3.1',
26 silly addNameRange     '0.3.2',
26 silly addNameRange     '0.4.0',
26 silly addNameRange     '0.5.0',
26 silly addNameRange     '0.5.1',
26 silly addNameRange     '0.6.0',
26 silly addNameRange     '0.6.1',
26 silly addNameRange     '0.6.2',
26 silly addNameRange     '0.6.3',
26 silly addNameRange     '0.6.4',
26 silly addNameRange     '0.6.5',
26 silly addNameRange     '0.6.6',
26 silly addNameRange     '0.6.7',
26 silly addNameRange     '0.6.8',
26 silly addNameRange     '0.7.0',
26 silly addNameRange     '0.7.1',
26 silly addNameRange     '0.8.0',
26 silly addNameRange     '0.8.1',
26 silly addNameRange     '0.8.2',
26 silly addNameRange     '0.8.3',
26 silly addNameRange     '0.8.4',
26 silly addNameRange     '0.8.5',
26 silly addNameRange     '0.8.6',
26 silly addNameRange     '0.9.0',
26 silly addNameRange     '0.9.1',
26 silly addNameRange     '0.9.2',
26 silly addNameRange     '0.10.0',
26 silly addNameRange     '1.0.0',
26 silly addNameRange     '1.0.1',
26 silly addNameRange     '1.0.2',
26 silly addNameRange     '1.0.3',
26 silly addNameRange     '1.1.0',
26 silly addNameRange     '1.1.1',
26 silly addNameRange     '1.1.2',
26 silly addNameRange     '1.2.0',
26 silly addNameRange     '1.2.1',
26 silly addNameRange     '1.2.2',
26 silly addNameRange     '1.2.3',
26 silly addNameRange     '1.2.4',
26 silly addNameRange     '1.2.5',
26 silly addNameRange     '1.2.6',
26 silly addNameRange     '1.2.7',
26 silly addNameRange     '1.2.8',
26 silly addNameRange     '1.3.0',
26 silly addNameRange     '1.3.1',
26 silly addNameRange     '1.3.2',
26 silly addNameRange     '1.3.3',
26 silly addNameRange     '1.3.4',
26 silly addNameRange     '1.3.5',
26 silly addNameRange     '1.3.6',
26 silly addNameRange     '1.3.7',
26 silly addNameRange     '1.3.8',
26 silly addNameRange     '1.3.9',
26 silly addNameRange     '1.3.10',
26 silly addNameRange     '1.3.11',
26 silly addNameRange     '1.3.12' ] ]
27 verbose addNamed bower@1.3.12
28 silly addNamed semver.valid 1.3.12
29 silly addNamed semver.validRange 1.3.12
30 silly mapToRegistry name bower
31 silly mapToRegistry using default registry
32 silly mapToRegistry registry https://registry.npmjs.org/
33 silly mapToRegistry uri https://registry.npmjs.org/bower
34 verbose addRemoteTarball https://registry.npmjs.org/bower/-/bower-1.3.12.tgz not in flight; adding
35 verbose addRemoteTarball [ 'https://registry.npmjs.org/bower/-/bower-1.3.12.tgz',
35 verbose addRemoteTarball   '37de0edb3904baf90aee13384a1a379a05ee214c' ]
36 info retry fetch attempt 1 at 11:52:18 AM
37 info attempt registry request try #1 at 11:52:18 AM
38 http fetch GET https://registry.npmjs.org/bower/-/bower-1.3.12.tgz
39 http fetch 200 https://registry.npmjs.org/bower/-/bower-1.3.12.tgz
40 silly fetchAndShaCheck shasum 37de0edb3904baf90aee13384a1a379a05ee214c
41 verbose addTmpTarball /var/folders/jp/26h_qryj1xs90r0hvblk5csr0000gn/T/npm-41219-db62f45b/registry.npmjs.org/bower/-/bower-1.3.12.tgz not in flight; adding
42 verbose addTmpTarball already have metadata; skipping unpack for bower@1.3.12
43 silly cache afterAdd bower@1.3.12
44 verbose afterAdd /Users/mansipuri/.npm/bower/1.3.12/package/package.json not in flight; writing
45 verbose afterAdd /Users/mansipuri/.npm/bower/1.3.12/package/package.json written
46 silly install resolved [ { name: 'bower',
46 silly install resolved     version: '1.3.12',
46 silly install resolved     description: 'The browser package manager',
46 silly install resolved     author: { name: 'Twitter' },
46 silly install resolved     licenses: [ [Object] ],
46 silly install resolved     repository: { type: 'git', url: 'https://github.com/bower/bower' },
46 silly install resolved     main: 'lib',
46 silly install resolved     homepage: 'http://bower.io',
46 silly install resolved     engines: { node: '>=0.10.0' },
46 silly install resolved     dependencies:
46 silly install resolved      { abbrev: '~1.0.4',
46 silly install resolved        archy: '0.0.2',
46 silly install resolved        'bower-config': '~0.5.2',
46 silly install resolved        'bower-endpoint-parser': '~0.2.2',
46 silly install resolved        'bower-json': '~0.4.0',
46 silly install resolved        'bower-logger': '~0.2.2',
46 silly install resolved        'bower-registry-client': '~0.2.0',
46 silly install resolved        cardinal: '0.4.0',
46 silly install resolved        chalk: '0.5.0',
46 silly install resolved        chmodr: '0.1.0',
46 silly install resolved        'decompress-zip': '0.0.8',
46 silly install resolved        fstream: '~1.0.2',
46 silly install resolved        'fstream-ignore': '~1.0.1',
46 silly install resolved        glob: '~4.0.2',
46 silly install resolved        'graceful-fs': '~3.0.1',
46 silly install resolved        handlebars: '~2.0.0',
46 silly install resolved        inquirer: '0.7.1',
46 silly install resolved        insight: '0.4.3',
46 silly install resolved        'is-root': '~1.0.0',
46 silly install resolved        junk: '~1.0.0',
46 silly install resolved        lockfile: '~1.0.0',
46 silly install resolved        'lru-cache': '~2.5.0',
46 silly install resolved        mkdirp: '0.5.0',
46 silly install resolved        mout: '~0.9.0',
46 silly install resolved        nopt: '~3.0.0',
46 silly install resolved        opn: '~1.0.0',
46 silly install resolved        osenv: '0.1.0',
46 silly install resolved        'p-throttler': '0.1.0',
46 silly install resolved        promptly: '0.2.0',
46 silly install resolved        q: '~1.0.1',
46 silly install resolved        request: '~2.42.0',
46 silly install resolved        'request-progress': '0.3.0',
46 silly install resolved        retry: '0.6.0',
46 silly install resolved        rimraf: '~2.2.0',
46 silly install resolved        semver: '~2.3.0',
46 silly install resolved        'shell-quote': '~1.4.1',
46 silly install resolved        'stringify-object': '~1.0.0',
46 silly install resolved        'tar-fs': '0.5.2',
46 silly install resolved        tmp: '0.0.23',
46 silly install resolved        'update-notifier': '0.2.0',
46 silly install resolved        which: '~1.0.5' },
46 silly install resolved     devDependencies:
46 silly install resolved      { coveralls: '~2.11.0',
46 silly install resolved        'expect.js': '~0.3.1',
46 silly install resolved        grunt: '~0.4.4',
46 silly install resolved        'grunt-cli': '^0.1.13',
46 silly install resolved        'grunt-contrib-jshint': '~0.10.0',
46 silly install resolved        'grunt-contrib-watch': '~0.6.1',
46 silly install resolved        'grunt-exec': '~0.4.2',
46 silly install resolved        'grunt-simple-mocha': '~0.4.0',
46 silly install resolved        istanbul: '~0.3.2',
46 silly install resolved        'load-grunt-tasks': '~0.6.0',
46 silly install resolved        mocha: '~1.21.4',
46 silly install resolved        nock: '~0.46.0',
46 silly install resolved        'node-uuid': '~1.4.1',
46 silly install resolved        proxyquire: '~1.0.1' },
46 silly install resolved     scripts: { test: 'grunt test' },
46 silly install resolved     bin: { bower: 'bin/bower' },
46 silly install resolved     preferGlobal: true,
46 silly install resolved     gitHead: 'b26c072f0db054a1902ec4d2e3726dbf8a1c799a',
46 silly install resolved     bugs: { url: 'https://github.com/bower/bower/issues' },
46 silly install resolved     _id: 'bower@1.3.12',
46 silly install resolved     _shasum: '37de0edb3904baf90aee13384a1a379a05ee214c',
46 silly install resolved     _from: 'bower@*',
46 silly install resolved     _npmVersion: '2.0.0',
46 silly install resolved     _npmUser: { name: 'sheerun', email: 'sheerun@sher.pl' },
46 silly install resolved     maintainers: [ [Object], [Object], [Object], [Object], [Object], [Object] ],
46 silly install resolved     dist:
46 silly install resolved      { shasum: '37de0edb3904baf90aee13384a1a379a05ee214c',
46 silly install resolved        tarball: 'http://registry.npmjs.org/bower/-/bower-1.3.12.tgz' },
46 silly install resolved     directories: {},
46 silly install resolved     _resolved: 'https://registry.npmjs.org/bower/-/bower-1.3.12.tgz' } ]
47 info install bower@1.3.12 into /usr/local/lib
48 info installOne bower@1.3.12
49 verbose installOne of bower to /usr/local/lib not in flight; installing
50 verbose lock using /Users/mansipuri/.npm/_locks/bower-e8debc5417026b57.lock for /usr/local/lib/node_modules/bower
51 silly install write writing bower 1.3.12 to /usr/local/lib/node_modules/bower
52 silly cache addNamed cb bower@1.3.12
53 verbose unbuild lib/node_modules/bower
54 verbose gentlyRm vacuuming /usr/local/lib/node_modules/bower
55 verbose tar unpack /Users/mansipuri/.npm/bower/1.3.12/package.tgz
56 verbose tar unpacking to /usr/local/lib/node_modules/bower
57 verbose gentlyRm vacuuming /usr/local/lib/node_modules/bower
58 silly gunzTarPerm modes [ '755', '644' ]
59 error tar.unpack untar error /Users/mansipuri/.npm/bower/1.3.12/package.tgz
60 verbose unlock done using /Users/mansipuri/.npm/_locks/bower-e8debc5417026b57.lock for /usr/local/lib/node_modules/bower
61 verbose fstream_path /usr/local/lib/node_modules/bower
62 verbose fstream_type Directory
63 verbose fstream_class DirWriter
64 verbose stack Error: EACCES, mkdir '/usr/local/lib/node_modules/bower'
64 verbose stack     at Error (native)
65 verbose fstream_stack /usr/local/lib/node_modules/npm/node_modules/fstream/lib/dir-writer.js:36:23
65 verbose fstream_stack /usr/local/lib/node_modules/npm/node_modules/mkdirp/index.js:46:53
65 verbose fstream_stack FSReqWrap.oncomplete (fs.js:99:15)
66 verbose cwd /Users/mansipuri/Desktop/mansi/writespeakcode.github.io
67 error Darwin 14.0.0
68 error argv "node" "/usr/local/bin/npm" "install" "-g" "bower"
69 error node v0.12.0
70 error npm  v2.5.1
71 error path /usr/local/lib/node_modules/bower
72 error code EACCES
73 error errno -13
74 error Error: EACCES, mkdir '/usr/local/lib/node_modules/bower'
74 error     at Error (native)
74 error  { [Error: EACCES, mkdir '/usr/local/lib/node_modules/bower']
74 error   errno: -13,
74 error   code: 'EACCES',
74 error   path: '/usr/local/lib/node_modules/bower',
74 error   fstream_type: 'Directory',
74 error   fstream_path: '/usr/local/lib/node_modules/bower',
74 error   fstream_class: 'DirWriter',
74 error   fstream_stack:
74 error    [ '/usr/local/lib/node_modules/npm/node_modules/fstream/lib/dir-writer.js:36:23',
74 error      '/usr/local/lib/node_modules/npm/node_modules/mkdirp/index.js:46:53',
74 error      'FSReqWrap.oncomplete (fs.js:99:15)' ] }
75 error Please try running this command again as root/Administrator.
76 verbose exit [ -13, true ]
77 verbose unbuild lib/node_modules/bower
78 verbose gentlyRm vacuuming /usr/local/lib/node_modules/bower
